1661553997662	geckodriver	INFO	Listening on 127.0.0.1:43591
1661553997679	mozrunner::runner	INFO	Running command: "/usr/bin/firefox" "--marionette" "--remote-debugging-port" "46275" "--remote-allow-hosts" "localhost" "-no-remote" "-profile" "/tmp/rust_mozprofileCdmwsu"
[GFX1-]: glxtest: libEGL missing
1661553999698	Marionette	INFO	Marionette enabled
1661553999702	Marionette	INFO	Listening on port 33577
WebDriver BiDi listening on ws://localhost:46275
Read port: 33577
1661553999904	RemoteAgent	WARN	TLS certificate errors will be ignored for this session
console.warn: SearchSettings: "get: No settings file exists, new profile?" (new NotFoundError("Could not open the file at /tmp/rust_mozprofileCdmwsu/search.json.mozlz4", (void 0)))
Missing chrome or resource URL: resource://gre/modules/UpdateListener.jsm
Missing chrome or resource URL: resource://gre/modules/UpdateListener.sys.mjs
DevTools listening on ws://localhost:46275/devtools/browser/2ac47de7-1903-47df-aed5-f25d6ca45a0d
console.warn: LoginRecipes: "getRecipes: falling back to a synchronous message for:" "https://zwiftpower.com"
1661554007622	Marionette	WARN	Ignoring event 'pageshow' because document has an invalid readyState of 'uninitialized'.
console.warn: LoginRecipes: "getRecipes: falling back to a synchronous message for:" "https://secure.zwift.com"
console.warn: LoginRecipes: "getRecipes: falling back to a synchronous message for:" "https://secure.zwift.com"
JavaScript error: resource://gre/modules/LoginManagerParent.jsm, line 136: TypeError: gRecipeManager is null
JavaScript warning: https://zwiftpower.com/zp/js/mini/event_results693.js?assets_version=132, line 1793: unreachable code after return statement
1661554181317	geckodriver	INFO	Listening on 127.0.0.1:37171
1661554181822	mozrunner::runner	INFO	Running command: "/usr/bin/firefox" "--marionette" "--remote-debugging-port" "59703" "--remote-allow-hosts" "localhost" "-no-remote" "-profile" "/tmp/rust_mozprofile8nql0M"
[GFX1-]: glxtest: libEGL missing
1661554182345	Marionette	INFO	Marionette enabled
1661554182349	Marionette	INFO	Listening on port 43829
WebDriver BiDi listening on ws://localhost:59703
Read port: 43829
1661554182580	RemoteAgent	WARN	TLS certificate errors will be ignored for this session
console.warn: SearchSettings: "get: No settings file exists, new profile?" (new NotFoundError("Could not open the file at /tmp/rust_mozprofile8nql0M/search.json.mozlz4", (void 0)))
Missing chrome or resource URL: resource://gre/modules/UpdateListener.jsm
Missing chrome or resource URL: resource://gre/modules/UpdateListener.sys.mjs
DevTools listening on ws://localhost:59703/devtools/browser/29911ea0-5e6f-46a7-b1ee-1bbe745fa162
console.warn: LoginRecipes: "getRecipes: falling back to a synchronous message for:" "https://zwiftpower.com"
1661554187979	Marionette	WARN	Ignoring event 'pageshow' because document has an invalid readyState of 'uninitialized'.
console.warn: LoginRecipes: "getRecipes: falling back to a synchronous message for:" "https://secure.zwift.com"
console.warn: LoginRecipes: "getRecipes: falling back to a synchronous message for:" "https://secure.zwift.com"
JavaScript error: resource://gre/modules/LoginManagerParent.jsm, line 136: TypeError: gRecipeManager is null
1661554198130	Marionette	INFO	Stopped listening on port 43829
Missing chrome or resource URL: resource://gre/modules/UpdateListener.jsm
Missing chrome or resource URL: resource://gre/modules/UpdateListener.sys.mjs
console.error: "Error during quit-application-granted: [Exception... \"File error: Not found\"  nsresult: \"0x80520012 (NS_ERROR_FILE_NOT_FOUND)\"  location: \"JS frame :: resource:///modules/BrowserGlue.jsm :: _onQuitApplicationGranted/tasks< :: line 2006\"  data: no]"
1661554198936	geckodriver	INFO	Listening on 127.0.0.1:45321
1661554199440	mozrunner::runner	INFO	Running command: "/usr/bin/firefox" "--marionette" "--remote-debugging-port" "49519" "--remote-allow-hosts" "localhost" "-no-remote" "-profile" "/tmp/rust_mozprofileolfE03"
[GFX1-]: glxtest: libEGL missing
1661554199983	Marionette	INFO	Marionette enabled
1661554199988	Marionette	INFO	Listening on port 42453
WebDriver BiDi listening on ws://localhost:49519
Read port: 42453
1661554200100	RemoteAgent	WARN	TLS certificate errors will be ignored for this session
console.warn: SearchSettings: "get: No settings file exists, new profile?" (new NotFoundError("Could not open the file at /tmp/rust_mozprofileolfE03/search.json.mozlz4", (void 0)))
Missing chrome or resource URL: resource://gre/modules/UpdateListener.jsm
Missing chrome or resource URL: resource://gre/modules/UpdateListener.sys.mjs
DevTools listening on ws://localhost:49519/devtools/browser/10c59c1a-c833-45d1-b581-1a55e50a5528
console.warn: LoginRecipes: "getRecipes: falling back to a synchronous message for:" "https://zwiftpower.com"
1661554205428	Marionette	WARN	Ignoring event 'pageshow' because document has an invalid readyState of 'uninitialized'.
console.warn: LoginRecipes: "getRecipes: falling back to a synchronous message for:" "https://secure.zwift.com"
console.warn: LoginRecipes: "getRecipes: falling back to a synchronous message for:" "https://secure.zwift.com"
JavaScript error: resource://gre/modules/LoginManagerParent.jsm, line 136: TypeError: gRecipeManager is null
JavaScript warning: https://zwiftpower.com/zp/js/mini/event_results693.js?assets_version=132, line 1793: unreachable code after return statement
1661554235881	Marionette	INFO	Stopped listening on port 42453
Missing chrome or resource URL: resource://gre/modules/UpdateListener.jsm
Missing chrome or resource URL: resource://gre/modules/UpdateListener.sys.mjs
console.error: "Error during quit-application-granted: [Exception... \"File error: Not found\"  nsresult: \"0x80520012 (NS_ERROR_FILE_NOT_FOUND)\"  location: \"JS frame :: resource:///modules/BrowserGlue.jsm :: _onQuitApplicationGranted/tasks< :: line 2006\"  data: no]"
1661554236684	geckodriver	INFO	Listening on 127.0.0.1:37775
1661554237189	mozrunner::runner	INFO	Running command: "/usr/bin/firefox" "--marionette" "--remote-debugging-port" "49177" "--remote-allow-hosts" "localhost" "-no-remote" "-profile" "/tmp/rust_mozprofileqm0Lgx"
[GFX1-]: glxtest: libEGL missing
1661554238410	Marionette	INFO	Marionette enabled
1661554238415	Marionette	INFO	Listening on port 32839
WebDriver BiDi listening on ws://localhost:49177
Read port: 32839
1661554238679	RemoteAgent	WARN	TLS certificate errors will be ignored for this session
console.warn: SearchSettings: "get: No settings file exists, new profile?" (new NotFoundError("Could not open the file at /tmp/rust_mozprofileqm0Lgx/search.json.mozlz4", (void 0)))
Missing chrome or resource URL: resource://gre/modules/UpdateListener.jsm
Missing chrome or resource URL: resource://gre/modules/UpdateListener.sys.mjs
DevTools listening on ws://localhost:49177/devtools/browser/ae3b9428-29e8-436f-bf94-1f2efebc5516
console.warn: LoginRecipes: "getRecipes: falling back to a synchronous message for:" "https://zwiftpower.com"
1661554243811	Marionette	WARN	Ignoring event 'pageshow' because document has an invalid readyState of 'uninitialized'.
console.warn: LoginRecipes: "getRecipes: falling back to a synchronous message for:" "https://secure.zwift.com"
console.warn: LoginRecipes: "getRecipes: falling back to a synchronous message for:" "https://secure.zwift.com"
JavaScript error: resource://gre/modules/LoginManagerParent.jsm, line 136: TypeError: gRecipeManager is null
JavaScript warning: https://zwiftpower.com/zp/js/mini/event_results693.js?assets_version=132, line 1793: unreachable code after return statement
1661554303247	Marionette	INFO	Stopped listening on port 32839
Missing chrome or resource URL: resource://gre/modules/UpdateListener.jsm
Missing chrome or resource URL: resource://gre/modules/UpdateListener.sys.mjs
console.error: "Error during quit-application-granted: [Exception... \"File error: Not found\"  nsresult: \"0x80520012 (NS_ERROR_FILE_NOT_FOUND)\"  location: \"JS frame :: resource:///modules/BrowserGlue.jsm :: _onQuitApplicationGranted/tasks< :: line 2006\"  data: no]"
1661554304071	geckodriver	INFO	Listening on 127.0.0.1:41625
1661554304080	mozrunner::runner	INFO	Running command: "/usr/bin/firefox" "--marionette" "--remote-debugging-port" "57769" "--remote-allow-hosts" "localhost" "-no-remote" "-profile" "/tmp/rust_mozprofile3Y5D2O"
[GFX1-]: glxtest: libEGL missing
1661554305781	Marionette	INFO	Marionette enabled
1661554305785	Marionette	INFO	Listening on port 38603
WebDriver BiDi listening on ws://localhost:57769
Read port: 38603
1661554306019	RemoteAgent	WARN	TLS certificate errors will be ignored for this session
console.warn: SearchSettings: "get: No settings file exists, new profile?" (new NotFoundError("Could not open the file at /tmp/rust_mozprofile3Y5D2O/search.json.mozlz4", (void 0)))
Missing chrome or resource URL: resource://gre/modules/UpdateListener.jsm
Missing chrome or resource URL: resource://gre/modules/UpdateListener.sys.mjs
DevTools listening on ws://localhost:57769/devtools/browser/df81b029-848c-4254-b5a2-1623836fb0aa
console.warn: LoginRecipes: "getRecipes: falling back to a synchronous message for:" "https://zwiftpower.com"
1661554311642	Marionette	WARN	Ignoring event 'pageshow' because document has an invalid readyState of 'uninitialized'.
console.warn: LoginRecipes: "getRecipes: falling back to a synchronous message for:" "https://secure.zwift.com"
console.warn: LoginRecipes: "getRecipes: falling back to a synchronous message for:" "https://secure.zwift.com"
JavaScript error: resource://gre/modules/LoginManagerParent.jsm, line 136: TypeError: gRecipeManager is null
JavaScript warning: https://zwiftpower.com/zp/js/mini/event_results693.js?assets_version=132, line 1793: unreachable code after return statement
1661554317737	Marionette	INFO	Stopped listening on port 38603
Missing chrome or resource URL: resource://gre/modules/UpdateListener.jsm
Missing chrome or resource URL: resource://gre/modules/UpdateListener.sys.mjs
console.error: "Error during quit-application-granted: [Exception... \"File error: Not found\"  nsresult: \"0x80520012 (NS_ERROR_FILE_NOT_FOUND)\"  location: \"JS frame :: resource:///modules/BrowserGlue.jsm :: _onQuitApplicationGranted/tasks< :: line 2006\"  data: no]"
1661554318606	geckodriver	INFO	Listening on 127.0.0.1:59399
1661554319109	mozrunner::runner	INFO	Running command: "/usr/bin/firefox" "--marionette" "--remote-debugging-port" "41605" "--remote-allow-hosts" "localhost" "-no-remote" "-profile" "/tmp/rust_mozprofilefso4H6"
[GFX1-]: glxtest: libEGL missing
1661554319632	Marionette	INFO	Marionette enabled
1661554319636	Marionette	INFO	Listening on port 36989
WebDriver BiDi listening on ws://localhost:41605
Read port: 36989
1661554319783	RemoteAgent	WARN	TLS certificate errors will be ignored for this session
console.warn: SearchSettings: "get: No settings file exists, new profile?" (new NotFoundError("Could not open the file at /tmp/rust_mozprofilefso4H6/search.json.mozlz4", (void 0)))
Missing chrome or resource URL: resource://gre/modules/UpdateListener.jsm
Missing chrome or resource URL: resource://gre/modules/UpdateListener.sys.mjs
DevTools listening on ws://localhost:41605/devtools/browser/75febecc-b9a7-4dd1-a978-976f60e0c796
console.warn: LoginRecipes: "getRecipes: falling back to a synchronous message for:" "https://zwiftpower.com"
1661554325559	Marionette	WARN	Ignoring event 'pageshow' because document has an invalid readyState of 'uninitialized'.
console.warn: LoginRecipes: "getRecipes: falling back to a synchronous message for:" "https://secure.zwift.com"
console.warn: LoginRecipes: "getRecipes: falling back to a synchronous message for:" "https://secure.zwift.com"
JavaScript error: resource://gre/modules/LoginManagerParent.jsm, line 136: TypeError: gRecipeManager is null
JavaScript warning: https://zwiftpower.com/zp/js/mini/event_results693.js?assets_version=132, line 1793: unreachable code after return statement
1661554331956	Marionette	INFO	Stopped listening on port 36989
Missing chrome or resource URL: resource://gre/modules/UpdateListener.jsm
Missing chrome or resource URL: resource://gre/modules/UpdateListener.sys.mjs
console.error: "Error during quit-application-granted: [Exception... \"File error: Not found\"  nsresult: \"0x80520012 (NS_ERROR_FILE_NOT_FOUND)\"  location: \"JS frame :: resource:///modules/BrowserGlue.jsm :: _onQuitApplicationGranted/tasks< :: line 2006\"  data: no]"
1661554332968	geckodriver	INFO	Listening on 127.0.0.1:42617
1661554332972	mozrunner::runner	INFO	Running command: "/usr/bin/firefox" "--marionette" "--remote-debugging-port" "48297" "--remote-allow-hosts" "localhost" "-no-remote" "-profile" "/tmp/rust_mozprofileTuQsmR"
[GFX1-]: glxtest: libEGL missing
1661554333739	Marionette	INFO	Marionette enabled
1661554333744	Marionette	INFO	Listening on port 36969
WebDriver BiDi listening on ws://localhost:48297
Read port: 36969
1661554333869	RemoteAgent	WARN	TLS certificate errors will be ignored for this session
console.warn: SearchSettings: "get: No settings file exists, new profile?" (new NotFoundError("Could not open the file at /tmp/rust_mozprofileTuQsmR/search.json.mozlz4", (void 0)))
Missing chrome or resource URL: resource://gre/modules/UpdateListener.jsm
Missing chrome or resource URL: resource://gre/modules/UpdateListener.sys.mjs
DevTools listening on ws://localhost:48297/devtools/browser/dde69d4b-8321-4789-bcdf-ffbd5495730d
console.warn: LoginRecipes: "getRecipes: falling back to a synchronous message for:" "https://zwiftpower.com"
1661554338847	Marionette	WARN	Ignoring event 'pageshow' because document has an invalid readyState of 'uninitialized'.
console.warn: LoginRecipes: "getRecipes: falling back to a synchronous message for:" "https://secure.zwift.com"
console.warn: LoginRecipes: "getRecipes: falling back to a synchronous message for:" "https://secure.zwift.com"
JavaScript error: resource://gre/modules/LoginManagerParent.jsm, line 136: TypeError: gRecipeManager is null
JavaScript warning: https://zwiftpower.com/zp/js/mini/event_results693.js?assets_version=132, line 1793: unreachable code after return statement
1661554350944	Marionette	INFO	Stopped listening on port 36969
Missing chrome or resource URL: resource://gre/modules/UpdateListener.jsm
Missing chrome or resource URL: resource://gre/modules/UpdateListener.sys.mjs
console.error: "Error during quit-application-granted: [Exception... \"File error: Not found\"  nsresult: \"0x80520012 (NS_ERROR_FILE_NOT_FOUND)\"  location: \"JS frame :: resource:///modules/BrowserGlue.jsm :: _onQuitApplicationGranted/tasks< :: line 2006\"  data: no]"
1661554351768	geckodriver	INFO	Listening on 127.0.0.1:44995
1661554352273	mozrunner::runner	INFO	Running command: "/usr/bin/firefox" "--marionette" "--remote-debugging-port" "47315" "--remote-allow-hosts" "localhost" "-no-remote" "-profile" "/tmp/rust_mozprofileG3EGQ2"
[GFX1-]: glxtest: libEGL missing
1661554353020	Marionette	INFO	Marionette enabled
1661554353024	Marionette	INFO	Listening on port 37555
WebDriver BiDi listening on ws://localhost:47315
Read port: 37555
1661554353145	RemoteAgent	WARN	TLS certificate errors will be ignored for this session
console.warn: SearchSettings: "get: No settings file exists, new profile?" (new NotFoundError("Could not open the file at /tmp/rust_mozprofileG3EGQ2/search.json.mozlz4", (void 0)))
Missing chrome or resource URL: resource://gre/modules/UpdateListener.jsm
Missing chrome or resource URL: resource://gre/modules/UpdateListener.sys.mjs
DevTools listening on ws://localhost:47315/devtools/browser/7a629a65-992e-4137-96ee-2c8a7df60664
console.warn: LoginRecipes: "getRecipes: falling back to a synchronous message for:" "https://zwiftpower.com"
1661554359674	Marionette	WARN	Ignoring event 'pageshow' because document has an invalid readyState of 'uninitialized'.
console.warn: LoginRecipes: "getRecipes: falling back to a synchronous message for:" "https://secure.zwift.com"
console.warn: LoginRecipes: "getRecipes: falling back to a synchronous message for:" "https://secure.zwift.com"
JavaScript error: resource://gre/modules/LoginManagerParent.jsm, line 136: TypeError: gRecipeManager is null
JavaScript warning: https://zwiftpower.com/zp/js/mini/event_results693.js?assets_version=132, line 1793: unreachable code after return statement
1661554582680	Marionette	INFO	Stopped listening on port 37555
Missing chrome or resource URL: resource://gre/modules/UpdateListener.jsm
Missing chrome or resource URL: resource://gre/modules/UpdateListener.sys.mjs
console.error: "Error during quit-application-granted: [Exception... \"File error: Not found\"  nsresult: \"0x80520012 (NS_ERROR_FILE_NOT_FOUND)\"  location: \"JS frame :: resource:///modules/BrowserGlue.jsm :: _onQuitApplicationGranted/tasks< :: line 2006\"  data: no]"
1661554583412	geckodriver	INFO	Listening on 127.0.0.1:60785
1661554583921	mozrunner::runner	INFO	Running command: "/usr/bin/firefox" "--marionette" "--remote-debugging-port" "51339" "--remote-allow-hosts" "localhost" "-no-remote" "-profile" "/tmp/rust_mozprofileTMgKKa"
[GFX1-]: glxtest: libEGL missing
1661554584905	Marionette	INFO	Marionette enabled
1661554584910	Marionette	INFO	Listening on port 35725
WebDriver BiDi listening on ws://localhost:51339
Read port: 35725
1661554585021	RemoteAgent	WARN	TLS certificate errors will be ignored for this session
console.warn: SearchSettings: "get: No settings file exists, new profile?" (new NotFoundError("Could not open the file at /tmp/rust_mozprofileTMgKKa/search.json.mozlz4", (void 0)))
Missing chrome or resource URL: resource://gre/modules/UpdateListener.jsm
Missing chrome or resource URL: resource://gre/modules/UpdateListener.sys.mjs
DevTools listening on ws://localhost:51339/devtools/browser/e826cd4a-9b95-4cdd-af39-a15c989f197e
console.warn: LoginRecipes: "getRecipes: falling back to a synchronous message for:" "https://zwiftpower.com"
1661554590704	Marionette	WARN	Ignoring event 'pageshow' because document has an invalid readyState of 'uninitialized'.
console.warn: LoginRecipes: "getRecipes: falling back to a synchronous message for:" "https://secure.zwift.com"
console.warn: LoginRecipes: "getRecipes: falling back to a synchronous message for:" "https://secure.zwift.com"
JavaScript error: resource://gre/modules/LoginManagerParent.jsm, line 136: TypeError: gRecipeManager is null
JavaScript warning: https://zwiftpower.com/zp/js/mini/event_results693.js?assets_version=132, line 1793: unreachable code after return statement
1661554622612	Marionette	INFO	Stopped listening on port 35725
Missing chrome or resource URL: resource://gre/modules/UpdateListener.jsm
Missing chrome or resource URL: resource://gre/modules/UpdateListener.sys.mjs
console.error: "Error during quit-application-granted: [Exception... \"File error: Not found\"  nsresult: \"0x80520012 (NS_ERROR_FILE_NOT_FOUND)\"  location: \"JS frame :: resource:///modules/BrowserGlue.jsm :: _onQuitApplicationGranted/tasks< :: line 2006\"  data: no]"
1661554623429	geckodriver	INFO	Listening on 127.0.0.1:40917
1661554623934	mozrunner::runner	INFO	Running command: "/usr/bin/firefox" "--marionette" "--remote-debugging-port" "52507" "--remote-allow-hosts" "localhost" "-no-remote" "-profile" "/tmp/rust_mozprofilenVeAyT"
[GFX1-]: glxtest: libEGL missing
1661554624462	Marionette	INFO	Marionette enabled
1661554624466	Marionette	INFO	Listening on port 46325
WebDriver BiDi listening on ws://localhost:52507
Read port: 46325
1661554624580	RemoteAgent	WARN	TLS certificate errors will be ignored for this session
console.warn: SearchSettings: "get: No settings file exists, new profile?" (new NotFoundError("Could not open the file at /tmp/rust_mozprofilenVeAyT/search.json.mozlz4", (void 0)))
Missing chrome or resource URL: resource://gre/modules/UpdateListener.jsm
Missing chrome or resource URL: resource://gre/modules/UpdateListener.sys.mjs
DevTools listening on ws://localhost:52507/devtools/browser/fc8801a1-d752-4df2-97b8-7bbde0c7510d
console.warn: LoginRecipes: "getRecipes: falling back to a synchronous message for:" "https://zwiftpower.com"
1661554630269	Marionette	WARN	Ignoring event 'pageshow' because document has an invalid readyState of 'uninitialized'.
console.warn: LoginRecipes: "getRecipes: falling back to a synchronous message for:" "https://secure.zwift.com"
console.warn: LoginRecipes: "getRecipes: falling back to a synchronous message for:" "https://secure.zwift.com"
JavaScript error: resource://gre/modules/LoginManagerParent.jsm, line 136: TypeError: gRecipeManager is null
JavaScript warning: https://zwiftpower.com/zp/js/mini/event_results693.js?assets_version=132, line 1793: unreachable code after return statement
1661554768364	Marionette	INFO	Stopped listening on port 46325
Missing chrome or resource URL: resource://gre/modules/UpdateListener.jsm
Missing chrome or resource URL: resource://gre/modules/UpdateListener.sys.mjs
console.error: "Error during quit-application-granted: [Exception... \"File error: Not found\"  nsresult: \"0x80520012 (NS_ERROR_FILE_NOT_FOUND)\"  location: \"JS frame :: resource:///modules/BrowserGlue.jsm :: _onQuitApplicationGranted/tasks< :: line 2006\"  data: no]"
1661554769103	geckodriver	INFO	Listening on 127.0.0.1:54423
1661554769608	mozrunner::runner	INFO	Running command: "/usr/bin/firefox" "--marionette" "--remote-debugging-port" "51761" "--remote-allow-hosts" "localhost" "-no-remote" "-profile" "/tmp/rust_mozprofileAH3pzg"
[GFX1-]: glxtest: libEGL missing
1661554770709	Marionette	INFO	Marionette enabled
1661554770713	Marionette	INFO	Listening on port 45989
WebDriver BiDi listening on ws://localhost:51761
Read port: 45989
1661554770939	RemoteAgent	WARN	TLS certificate errors will be ignored for this session
console.warn: SearchSettings: "get: No settings file exists, new profile?" (new NotFoundError("Could not open the file at /tmp/rust_mozprofileAH3pzg/search.json.mozlz4", (void 0)))
Missing chrome or resource URL: resource://gre/modules/UpdateListener.jsm
Missing chrome or resource URL: resource://gre/modules/UpdateListener.sys.mjs
DevTools listening on ws://localhost:51761/devtools/browser/6e1cc35a-ff67-4db2-b3fc-4350b09b81eb
console.warn: LoginRecipes: "getRecipes: falling back to a synchronous message for:" "https://zwiftpower.com"
1661554776673	Marionette	WARN	Ignoring event 'pageshow' because document has an invalid readyState of 'uninitialized'.
console.warn: LoginRecipes: "getRecipes: falling back to a synchronous message for:" "https://secure.zwift.com"
console.warn: LoginRecipes: "getRecipes: falling back to a synchronous message for:" "https://secure.zwift.com"
JavaScript error: resource://gre/modules/LoginManagerParent.jsm, line 136: TypeError: gRecipeManager is null
JavaScript warning: https://zwiftpower.com/zp/js/mini/event_results693.js?assets_version=132, line 1793: unreachable code after return statement
1661555159124	Marionette	INFO	Stopped listening on port 45989
Missing chrome or resource URL: resource://gre/modules/UpdateListener.jsm
Missing chrome or resource URL: resource://gre/modules/UpdateListener.sys.mjs
console.error: "Error during quit-application-granted: [Exception... \"File error: Not found\"  nsresult: \"0x80520012 (NS_ERROR_FILE_NOT_FOUND)\"  location: \"JS frame :: resource:///modules/BrowserGlue.jsm :: _onQuitApplicationGranted/tasks< :: line 2006\"  data: no]"
1661555160061	geckodriver	INFO	Listening on 127.0.0.1:46091
1661555160566	mozrunner::runner	INFO	Running command: "/usr/bin/firefox" "--marionette" "--remote-debugging-port" "37055" "--remote-allow-hosts" "localhost" "-no-remote" "-profile" "/tmp/rust_mozprofileZWAgL4"
[GFX1-]: glxtest: libEGL missing
1661555161316	Marionette	INFO	Marionette enabled
1661555161321	Marionette	INFO	Listening on port 43973
WebDriver BiDi listening on ws://localhost:37055
Read port: 43973
1661555161478	RemoteAgent	WARN	TLS certificate errors will be ignored for this session
console.warn: SearchSettings: "get: No settings file exists, new profile?" (new NotFoundError("Could not open the file at /tmp/rust_mozprofileZWAgL4/search.json.mozlz4", (void 0)))
Missing chrome or resource URL: resource://gre/modules/UpdateListener.jsm
Missing chrome or resource URL: resource://gre/modules/UpdateListener.sys.mjs
DevTools listening on ws://localhost:37055/devtools/browser/121b02c7-cc2e-450f-8786-a04932c3e112
console.warn: LoginRecipes: "getRecipes: falling back to a synchronous message for:" "https://zwiftpower.com"
1661555169412	Marionette	WARN	Ignoring event 'pageshow' because document has an invalid readyState of 'uninitialized'.
console.warn: LoginRecipes: "getRecipes: falling back to a synchronous message for:" "https://secure.zwift.com"
console.warn: LoginRecipes: "getRecipes: falling back to a synchronous message for:" "https://secure.zwift.com"
JavaScript error: resource://gre/modules/LoginManagerParent.jsm, line 136: TypeError: gRecipeManager is null
JavaScript warning: https://zwiftpower.com/zp/js/mini/event_results693.js?assets_version=132, line 1793: unreachable code after return statement
1661555282145	Marionette	INFO	Stopped listening on port 43973
Missing chrome or resource URL: resource://gre/modules/UpdateListener.jsm
Missing chrome or resource URL: resource://gre/modules/UpdateListener.sys.mjs
console.error: "Error during quit-application-granted: [Exception... \"File error: Not found\"  nsresult: \"0x80520012 (NS_ERROR_FILE_NOT_FOUND)\"  location: \"JS frame :: resource:///modules/BrowserGlue.jsm :: _onQuitApplicationGranted/tasks< :: line 2006\"  data: no]"
1661555282948	geckodriver	INFO	Listening on 127.0.0.1:49253
1661555282953	mozrunner::runner	INFO	Running command: "/usr/bin/firefox" "--marionette" "--remote-debugging-port" "57151" "--remote-allow-hosts" "localhost" "-no-remote" "-profile" "/tmp/rust_mozprofile9aiS30"
[GFX1-]: glxtest: libEGL missing
1661555284584	Marionette	INFO	Marionette enabled
1661555284597	Marionette	INFO	Listening on port 39909
WebDriver BiDi listening on ws://localhost:57151
Read port: 39909
1661555284736	RemoteAgent	WARN	TLS certificate errors will be ignored for this session
console.warn: SearchSettings: "get: No settings file exists, new profile?" (new NotFoundError("Could not open the file at /tmp/rust_mozprofile9aiS30/search.json.mozlz4", (void 0)))
Missing chrome or resource URL: resource://gre/modules/UpdateListener.jsm
Missing chrome or resource URL: resource://gre/modules/UpdateListener.sys.mjs
DevTools listening on ws://localhost:57151/devtools/browser/779b0a4c-1af7-49e5-a898-07784ef4f301
console.warn: LoginRecipes: "getRecipes: falling back to a synchronous message for:" "https://zwiftpower.com"
1661555290663	Marionette	WARN	Ignoring event 'pageshow' because document has an invalid readyState of 'uninitialized'.
console.warn: LoginRecipes: "getRecipes: falling back to a synchronous message for:" "https://secure.zwift.com"
console.warn: LoginRecipes: "getRecipes: falling back to a synchronous message for:" "https://secure.zwift.com"
JavaScript error: resource://gre/modules/LoginManagerParent.jsm, line 136: TypeError: gRecipeManager is null
JavaScript warning: https://zwiftpower.com/zp/js/mini/event_results693.js?assets_version=132, line 1793: unreachable code after return statement
1661555295505	Marionette	INFO	Stopped listening on port 39909
Missing chrome or resource URL: resource://gre/modules/UpdateListener.jsm
Missing chrome or resource URL: resource://gre/modules/UpdateListener.sys.mjs
console.error: "Error during quit-application-granted: [Exception... \"File error: Not found\"  nsresult: \"0x80520012 (NS_ERROR_FILE_NOT_FOUND)\"  location: \"JS frame :: resource:///modules/BrowserGlue.jsm :: _onQuitApplicationGranted/tasks< :: line 2006\"  data: no]"
1661555296224	geckodriver	INFO	Listening on 127.0.0.1:53339
1661555296729	mozrunner::runner	INFO	Running command: "/usr/bin/firefox" "--marionette" "--remote-debugging-port" "41579" "--remote-allow-hosts" "localhost" "-no-remote" "-profile" "/tmp/rust_mozprofilea7HpaO"
[GFX1-]: glxtest: libEGL missing
1661555297311	Marionette	INFO	Marionette enabled
1661555297315	Marionette	INFO	Listening on port 37319
WebDriver BiDi listening on ws://localhost:41579
Read port: 37319
1661555297434	RemoteAgent	WARN	TLS certificate errors will be ignored for this session
console.warn: SearchSettings: "get: No settings file exists, new profile?" (new NotFoundError("Could not open the file at /tmp/rust_mozprofilea7HpaO/search.json.mozlz4", (void 0)))
Missing chrome or resource URL: resource://gre/modules/UpdateListener.jsm
Missing chrome or resource URL: resource://gre/modules/UpdateListener.sys.mjs
DevTools listening on ws://localhost:41579/devtools/browser/f01533b7-667b-4074-98ac-af519ca58f4c
console.warn: LoginRecipes: "getRecipes: falling back to a synchronous message for:" "https://zwiftpower.com"
1661555305197	Marionette	WARN	Ignoring event 'pageshow' because document has an invalid readyState of 'uninitialized'.
console.warn: LoginRecipes: "getRecipes: falling back to a synchronous message for:" "https://secure.zwift.com"
console.warn: LoginRecipes: "getRecipes: falling back to a synchronous message for:" "https://secure.zwift.com"
JavaScript error: resource://gre/modules/LoginManagerParent.jsm, line 136: TypeError: gRecipeManager is null
JavaScript warning: https://zwiftpower.com/zp/js/mini/event_results693.js?assets_version=132, line 1793: unreachable code after return statement
1661555311410	Marionette	INFO	Stopped listening on port 37319
Missing chrome or resource URL: resource://gre/modules/UpdateListener.jsm
Missing chrome or resource URL: resource://gre/modules/UpdateListener.sys.mjs
console.error: "Error during quit-application-granted: [Exception... \"File error: Not found\"  nsresult: \"0x80520012 (NS_ERROR_FILE_NOT_FOUND)\"  location: \"JS frame :: resource:///modules/BrowserGlue.jsm :: _onQuitApplicationGranted/tasks< :: line 2006\"  data: no]"
1661555312269	geckodriver	INFO	Listening on 127.0.0.1:35999
1661555312773	mozrunner::runner	INFO	Running command: "/usr/bin/firefox" "--marionette" "--remote-debugging-port" "45487" "--remote-allow-hosts" "localhost" "-no-remote" "-profile" "/tmp/rust_mozprofilehFgjSy"
[GFX1-]: glxtest: libEGL missing
1661555313355	Marionette	INFO	Marionette enabled
1661555313360	Marionette	INFO	Listening on port 39745
WebDriver BiDi listening on ws://localhost:45487
Read port: 39745
1661555313483	RemoteAgent	WARN	TLS certificate errors will be ignored for this session
console.warn: SearchSettings: "get: No settings file exists, new profile?" (new NotFoundError("Could not open the file at /tmp/rust_mozprofilehFgjSy/search.json.mozlz4", (void 0)))
Missing chrome or resource URL: resource://gre/modules/UpdateListener.jsm
Missing chrome or resource URL: resource://gre/modules/UpdateListener.sys.mjs
DevTools listening on ws://localhost:45487/devtools/browser/4bbe24b6-436a-4ec5-afcd-fb58702dde0d
console.warn: LoginRecipes: "getRecipes: falling back to a synchronous message for:" "https://zwiftpower.com"
1661555318851	Marionette	WARN	Ignoring event 'pageshow' because document has an invalid readyState of 'uninitialized'.
console.warn: LoginRecipes: "getRecipes: falling back to a synchronous message for:" "https://secure.zwift.com"
console.warn: LoginRecipes: "getRecipes: falling back to a synchronous message for:" "https://secure.zwift.com"
JavaScript error: resource://gre/modules/LoginManagerParent.jsm, line 136: TypeError: gRecipeManager is null
JavaScript warning: https://zwiftpower.com/zp/js/mini/event_results693.js?assets_version=132, line 1793: unreachable code after return statement
1661555649021	Marionette	INFO	Stopped listening on port 39745
Missing chrome or resource URL: resource://gre/modules/UpdateListener.jsm
Missing chrome or resource URL: resource://gre/modules/UpdateListener.sys.mjs
console.error: "Error during quit-application-granted: [Exception... \"File error: Not found\"  nsresult: \"0x80520012 (NS_ERROR_FILE_NOT_FOUND)\"  location: \"JS frame :: resource:///modules/BrowserGlue.jsm :: _onQuitApplicationGranted/tasks< :: line 2006\"  data: no]"
1661555649643	geckodriver	INFO	Listening on 127.0.0.1:57337
1661555650148	mozrunner::runner	INFO	Running command: "/usr/bin/firefox" "--marionette" "--remote-debugging-port" "58057" "--remote-allow-hosts" "localhost" "-no-remote" "-profile" "/tmp/rust_mozprofilezpWdJ9"
[GFX1-]: glxtest: libEGL missing
1661555651389	Marionette	INFO	Marionette enabled
1661555651398	Marionette	INFO	Listening on port 38979
WebDriver BiDi listening on ws://localhost:58057
Read port: 38979
1661555651532	RemoteAgent	WARN	TLS certificate errors will be ignored for this session
console.warn: SearchSettings: "get: No settings file exists, new profile?" (new NotFoundError("Could not open the file at /tmp/rust_mozprofilezpWdJ9/search.json.mozlz4", (void 0)))
Missing chrome or resource URL: resource://gre/modules/UpdateListener.jsm
Missing chrome or resource URL: resource://gre/modules/UpdateListener.sys.mjs
DevTools listening on ws://localhost:58057/devtools/browser/4075f02e-c826-45c1-a508-e54570a5ec56
console.warn: LoginRecipes: "getRecipes: falling back to a synchronous message for:" "https://zwiftpower.com"
1661555657381	Marionette	WARN	Ignoring event 'pageshow' because document has an invalid readyState of 'uninitialized'.
console.warn: LoginRecipes: "getRecipes: falling back to a synchronous message for:" "https://secure.zwift.com"
console.warn: LoginRecipes: "getRecipes: falling back to a synchronous message for:" "https://secure.zwift.com"
JavaScript error: resource://gre/modules/LoginManagerParent.jsm, line 136: TypeError: gRecipeManager is null
JavaScript warning: https://zwiftpower.com/zp/js/mini/event_results693.js?assets_version=132, line 1793: unreachable code after return statement
1661556135179	Marionette	INFO	Stopped listening on port 38979
Missing chrome or resource URL: resource://gre/modules/UpdateListener.jsm
Missing chrome or resource URL: resource://gre/modules/UpdateListener.sys.mjs
console.error: "Error during quit-application-granted: [Exception... \"File error: Not found\"  nsresult: \"0x80520012 (NS_ERROR_FILE_NOT_FOUND)\"  location: \"JS frame :: resource:///modules/BrowserGlue.jsm :: _onQuitApplicationGranted/tasks< :: line 2006\"  data: no]"
1661556135845	geckodriver	INFO	Listening on 127.0.0.1:43037
1661556136349	mozrunner::runner	INFO	Running command: "/usr/bin/firefox" "--marionette" "--remote-debugging-port" "44741" "--remote-allow-hosts" "localhost" "-no-remote" "-profile" "/tmp/rust_mozprofiled6LZn9"
[GFX1-]: glxtest: libEGL missing
1661556137680	Marionette	INFO	Marionette enabled
1661556137685	Marionette	INFO	Listening on port 44655
WebDriver BiDi listening on ws://localhost:44741
Read port: 44655
1661556137849	RemoteAgent	WARN	TLS certificate errors will be ignored for this session
console.warn: SearchSettings: "get: No settings file exists, new profile?" (new NotFoundError("Could not open the file at /tmp/rust_mozprofiled6LZn9/search.json.mozlz4", (void 0)))
Missing chrome or resource URL: resource://gre/modules/UpdateListener.jsm
Missing chrome or resource URL: resource://gre/modules/UpdateListener.sys.mjs
DevTools listening on ws://localhost:44741/devtools/browser/2685d521-5c74-4657-8826-5b14caf3f10e
console.warn: LoginRecipes: "getRecipes: falling back to a synchronous message for:" "https://zwiftpower.com"
1661556148997	Marionette	WARN	Ignoring event 'pageshow' because document has an invalid readyState of 'uninitialized'.
console.warn: LoginRecipes: "getRecipes: falling back to a synchronous message for:" "https://secure.zwift.com"
console.warn: LoginRecipes: "getRecipes: falling back to a synchronous message for:" "https://secure.zwift.com"
JavaScript error: resource://gre/modules/LoginManagerParent.jsm, line 136: TypeError: gRecipeManager is null
JavaScript warning: https://zwiftpower.com/zp/js/mini/event_results693.js?assets_version=132, line 1793: unreachable code after return statement
1661556300120	Marionette	INFO	Stopped listening on port 44655
Missing chrome or resource URL: resource://gre/modules/UpdateListener.jsm
Missing chrome or resource URL: resource://gre/modules/UpdateListener.sys.mjs
console.error: "Error during quit-application-granted: [Exception... \"File error: Not found\"  nsresult: \"0x80520012 (NS_ERROR_FILE_NOT_FOUND)\"  location: \"JS frame :: resource:///modules/BrowserGlue.jsm :: _onQuitApplicationGranted/tasks< :: line 2006\"  data: no]"
1661556300756	geckodriver	INFO	Listening on 127.0.0.1:39073
1661556300763	mozrunner::runner	INFO	Running command: "/usr/bin/firefox" "--marionette" "--remote-debugging-port" "42815" "--remote-allow-hosts" "localhost" "-no-remote" "-profile" "/tmp/rust_mozprofileolO2cH"
[GFX1-]: glxtest: libEGL missing
1661556302461	Marionette	INFO	Marionette enabled
1661556302470	Marionette	INFO	Listening on port 37387
WebDriver BiDi listening on ws://localhost:42815
Read port: 37387
1661556302653	RemoteAgent	WARN	TLS certificate errors will be ignored for this session
console.warn: SearchSettings: "get: No settings file exists, new profile?" (new NotFoundError("Could not open the file at /tmp/rust_mozprofileolO2cH/search.json.mozlz4", (void 0)))
Missing chrome or resource URL: resource://gre/modules/UpdateListener.jsm
Missing chrome or resource URL: resource://gre/modules/UpdateListener.sys.mjs
DevTools listening on ws://localhost:42815/devtools/browser/0de71c1f-0af2-4837-98f8-79f953d3224a
console.warn: LoginRecipes: "getRecipes: falling back to a synchronous message for:" "https://zwiftpower.com"
1661556308973	Marionette	WARN	Ignoring event 'pageshow' because document has an invalid readyState of 'uninitialized'.
console.warn: LoginRecipes: "getRecipes: falling back to a synchronous message for:" "https://secure.zwift.com"
console.warn: LoginRecipes: "getRecipes: falling back to a synchronous message for:" "https://secure.zwift.com"
JavaScript error: resource://gre/modules/LoginManagerParent.jsm, line 136: TypeError: gRecipeManager is null
JavaScript warning: https://zwiftpower.com/zp/js/mini/event_results693.js?assets_version=132, line 1793: unreachable code after return statement
1661556322526	Marionette	INFO	Stopped listening on port 37387
Missing chrome or resource URL: resource://gre/modules/UpdateListener.jsm
Missing chrome or resource URL: resource://gre/modules/UpdateListener.sys.mjs
console.error: "Error during quit-application-granted: [Exception... \"File error: Not found\"  nsresult: \"0x80520012 (NS_ERROR_FILE_NOT_FOUND)\"  location: \"JS frame :: resource:///modules/BrowserGlue.jsm :: _onQuitApplicationGranted/tasks< :: line 2006\"  data: no]"
1661556323390	geckodriver	INFO	Listening on 127.0.0.1:43071
1661556323895	mozrunner::runner	INFO	Running command: "/usr/bin/firefox" "--marionette" "--remote-debugging-port" "39681" "--remote-allow-hosts" "localhost" "-no-remote" "-profile" "/tmp/rust_mozprofileEYtHl8"
[GFX1-]: glxtest: libEGL missing
1661556324633	Marionette	INFO	Marionette enabled
1661556324641	Marionette	INFO	Listening on port 44403
WebDriver BiDi listening on ws://localhost:39681
Read port: 44403
1661556324796	RemoteAgent	WARN	TLS certificate errors will be ignored for this session
console.warn: SearchSettings: "get: No settings file exists, new profile?" (new NotFoundError("Could not open the file at /tmp/rust_mozprofileEYtHl8/search.json.mozlz4", (void 0)))
Missing chrome or resource URL: resource://gre/modules/UpdateListener.jsm
Missing chrome or resource URL: resource://gre/modules/UpdateListener.sys.mjs
DevTools listening on ws://localhost:39681/devtools/browser/2f656aac-72b7-4a4a-9d5e-dcb88016762e
console.warn: LoginRecipes: "getRecipes: falling back to a synchronous message for:" "https://zwiftpower.com"
1661556331727	Marionette	WARN	Ignoring event 'pageshow' because document has an invalid readyState of 'uninitialized'.
console.warn: LoginRecipes: "getRecipes: falling back to a synchronous message for:" "https://secure.zwift.com"
console.warn: LoginRecipes: "getRecipes: falling back to a synchronous message for:" "https://secure.zwift.com"
JavaScript error: resource://gre/modules/LoginManagerParent.jsm, line 136: TypeError: gRecipeManager is null
JavaScript warning: https://zwiftpower.com/zp/js/mini/event_results693.js?assets_version=132, line 1793: unreachable code after return statement
1661556450211	Marionette	INFO	Stopped listening on port 44403
Missing chrome or resource URL: resource://gre/modules/UpdateListener.jsm
Missing chrome or resource URL: resource://gre/modules/UpdateListener.sys.mjs
console.error: "Error during quit-application-granted: [Exception... \"File error: Not found\"  nsresult: \"0x80520012 (NS_ERROR_FILE_NOT_FOUND)\"  location: \"JS frame :: resource:///modules/BrowserGlue.jsm :: _onQuitApplicationGranted/tasks< :: line 2006\"  data: no]"
1661556450934	geckodriver	INFO	Listening on 127.0.0.1:59819
1661556451439	mozrunner::runner	INFO	Running command: "/usr/bin/firefox" "--marionette" "--remote-debugging-port" "46205" "--remote-allow-hosts" "localhost" "-no-remote" "-profile" "/tmp/rust_mozprofiletirLuE"
[GFX1-]: glxtest: libEGL missing
1661556452666	Marionette	INFO	Marionette enabled
1661556452672	Marionette	INFO	Listening on port 35727
WebDriver BiDi listening on ws://localhost:46205
Read port: 35727
1661556452817	RemoteAgent	WARN	TLS certificate errors will be ignored for this session
console.warn: SearchSettings: "get: No settings file exists, new profile?" (new NotFoundError("Could not open the file at /tmp/rust_mozprofiletirLuE/search.json.mozlz4", (void 0)))
Missing chrome or resource URL: resource://gre/modules/UpdateListener.jsm
Missing chrome or resource URL: resource://gre/modules/UpdateListener.sys.mjs
DevTools listening on ws://localhost:46205/devtools/browser/8e26ae1d-5b00-4d73-9e85-c9d21840ff2b
console.warn: LoginRecipes: "getRecipes: falling back to a synchronous message for:" "https://zwiftpower.com"
1661556458252	Marionette	WARN	Ignoring event 'pageshow' because document has an invalid readyState of 'uninitialized'.
console.warn: LoginRecipes: "getRecipes: falling back to a synchronous message for:" "https://secure.zwift.com"
console.warn: LoginRecipes: "getRecipes: falling back to a synchronous message for:" "https://secure.zwift.com"
JavaScript error: resource://gre/modules/LoginManagerParent.jsm, line 136: TypeError: gRecipeManager is null
JavaScript warning: https://zwiftpower.com/zp/js/mini/event_results693.js?assets_version=132, line 1793: unreachable code after return statement
Exiting due to channel error.
Exiting due to channel error.
Exiting due to channel error.
1661556756781	geckodriver	INFO	Listening on 127.0.0.1:57463
1661556757281	mozrunner::runner	INFO	Running command: "/usr/bin/firefox" "--marionette" "--remote-debugging-port" "58317" "--remote-allow-hosts" "localhost" "-no-remote" "-profile" "/tmp/rust_mozprofileC7V1fI"
[GFX1-]: glxtest: libEGL missing
1661556761721	Marionette	INFO	Marionette enabled
1661556761725	Marionette	INFO	Listening on port 35179
WebDriver BiDi listening on ws://localhost:58317
Read port: 35179
1661556761883	RemoteAgent	WARN	TLS certificate errors will be ignored for this session
console.warn: SearchSettings: "get: No settings file exists, new profile?" (new NotFoundError("Could not open the file at /tmp/rust_mozprofileC7V1fI/search.json.mozlz4", (void 0)))
Missing chrome or resource URL: resource://gre/modules/UpdateListener.jsm
Missing chrome or resource URL: resource://gre/modules/UpdateListener.sys.mjs
DevTools listening on ws://localhost:58317/devtools/browser/25def597-9ab2-41b3-adb4-150ea41d7172
console.warn: LoginRecipes: "getRecipes: falling back to a synchronous message for:" "https://zwiftpower.com"
1661556768040	Marionette	WARN	Ignoring event 'pageshow' because document has an invalid readyState of 'uninitialized'.
console.warn: LoginRecipes: "getRecipes: falling back to a synchronous message for:" "https://secure.zwift.com"
console.warn: LoginRecipes: "getRecipes: falling back to a synchronous message for:" "https://secure.zwift.com"
JavaScript error: resource://gre/modules/LoginManagerParent.jsm, line 136: TypeError: gRecipeManager is null
1661556776110	Marionette	INFO	Stopped listening on port 35179
Missing chrome or resource URL: resource://gre/modules/UpdateListener.jsm
Missing chrome or resource URL: resource://gre/modules/UpdateListener.sys.mjs
console.error: "Error during quit-application-granted: [Exception... \"File error: Not found\"  nsresult: \"0x80520012 (NS_ERROR_FILE_NOT_FOUND)\"  location: \"JS frame :: resource:///modules/BrowserGlue.jsm :: _onQuitApplicationGranted/tasks< :: line 2006\"  data: no]"
1661556777094	geckodriver	INFO	Listening on 127.0.0.1:39905
1661556777103	mozrunner::runner	INFO	Running command: "/usr/bin/firefox" "--marionette" "--remote-debugging-port" "58515" "--remote-allow-hosts" "localhost" "-no-remote" "-profile" "/tmp/rust_mozprofileNXSFPp"
[GFX1-]: glxtest: libEGL missing
1661556779220	Marionette	INFO	Marionette enabled
1661556779237	Marionette	INFO	Listening on port 43605
WebDriver BiDi listening on ws://localhost:58515
Read port: 43605
1661556779651	RemoteAgent	WARN	TLS certificate errors will be ignored for this session
console.warn: SearchSettings: "get: No settings file exists, new profile?" (new NotFoundError("Could not open the file at /tmp/rust_mozprofileNXSFPp/search.json.mozlz4", (void 0)))
Missing chrome or resource URL: resource://gre/modules/UpdateListener.jsm
Missing chrome or resource URL: resource://gre/modules/UpdateListener.sys.mjs
DevTools listening on ws://localhost:58515/devtools/browser/f008d66f-f872-40c2-993d-0bfd64f5f4b1
console.warn: LoginRecipes: "getRecipes: falling back to a synchronous message for:" "https://zwiftpower.com"
1661556786882	Marionette	WARN	Ignoring event 'pageshow' because document has an invalid readyState of 'uninitialized'.
console.warn: LoginRecipes: "getRecipes: falling back to a synchronous message for:" "https://secure.zwift.com"
console.warn: LoginRecipes: "getRecipes: falling back to a synchronous message for:" "https://secure.zwift.com"
JavaScript error: resource://gre/modules/LoginManagerParent.jsm, line 136: TypeError: gRecipeManager is null
JavaScript warning: https://zwiftpower.com/zp/js/mini/event_results693.js?assets_version=132, line 1793: unreachable code after return statement
1661556793542	Marionette	INFO	Stopped listening on port 43605
Missing chrome or resource URL: resource://gre/modules/UpdateListener.jsm
Missing chrome or resource URL: resource://gre/modules/UpdateListener.sys.mjs
console.error: "Error during quit-application-granted: [Exception... \"File error: Not found\"  nsresult: \"0x80520012 (NS_ERROR_FILE_NOT_FOUND)\"  location: \"JS frame :: resource:///modules/BrowserGlue.jsm :: _onQuitApplicationGranted/tasks< :: line 2006\"  data: no]"
1661556794625	geckodriver	INFO	Listening on 127.0.0.1:55423
1661556795129	mozrunner::runner	INFO	Running command: "/usr/bin/firefox" "--marionette" "--remote-debugging-port" "46439" "--remote-allow-hosts" "localhost" "-no-remote" "-profile" "/tmp/rust_mozprofilegbK0os"
[GFX1-]: glxtest: libEGL missing
1661556796861	Marionette	INFO	Marionette enabled
1661556796866	Marionette	INFO	Listening on port 42221
WebDriver BiDi listening on ws://localhost:46439
Read port: 42221
1661556797067	RemoteAgent	WARN	TLS certificate errors will be ignored for this session
console.warn: SearchSettings: "get: No settings file exists, new profile?" (new NotFoundError("Could not open the file at /tmp/rust_mozprofilegbK0os/search.json.mozlz4", (void 0)))
Missing chrome or resource URL: resource://gre/modules/UpdateListener.jsm
Missing chrome or resource URL: resource://gre/modules/UpdateListener.sys.mjs
DevTools listening on ws://localhost:46439/devtools/browser/97138815-f359-4fac-af95-bf1c46fe3eda
console.warn: LoginRecipes: "getRecipes: falling back to a synchronous message for:" "https://zwiftpower.com"
1661556805438	Marionette	WARN	Ignoring event 'pageshow' because document has an invalid readyState of 'uninitialized'.
console.warn: LoginRecipes: "getRecipes: falling back to a synchronous message for:" "https://secure.zwift.com"
console.warn: LoginRecipes: "getRecipes: falling back to a synchronous message for:" "https://secure.zwift.com"
JavaScript error: resource://gre/modules/LoginManagerParent.jsm, line 136: TypeError: gRecipeManager is null
JavaScript warning: https://zwiftpower.com/zp/js/mini/event_results693.js?assets_version=132, line 1793: unreachable code after return statement
1661556812274	Marionette	INFO	Stopped listening on port 42221
Missing chrome or resource URL: resource://gre/modules/UpdateListener.jsm
Missing chrome or resource URL: resource://gre/modules/UpdateListener.sys.mjs
console.error: "Error during quit-application-granted: [Exception... \"File error: Not found\"  nsresult: \"0x80520012 (NS_ERROR_FILE_NOT_FOUND)\"  location: \"JS frame :: resource:///modules/BrowserGlue.jsm :: _onQuitApplicationGranted/tasks< :: line 2006\"  data: no]"
1661556813211	geckodriver	INFO	Listening on 127.0.0.1:60757
1661556813715	mozrunner::runner	INFO	Running command: "/usr/bin/firefox" "--marionette" "--remote-debugging-port" "52511" "--remote-allow-hosts" "localhost" "-no-remote" "-profile" "/tmp/rust_mozprofile0EKCsi"
[GFX1-]: glxtest: libEGL missing
1661556814738	Marionette	INFO	Marionette enabled
1661556814742	Marionette	INFO	Listening on port 33551
WebDriver BiDi listening on ws://localhost:52511
Read port: 33551
1661556814889	RemoteAgent	WARN	TLS certificate errors will be ignored for this session
console.warn: SearchSettings: "get: No settings file exists, new profile?" (new NotFoundError("Could not open the file at /tmp/rust_mozprofile0EKCsi/search.json.mozlz4", (void 0)))
Missing chrome or resource URL: resource://gre/modules/UpdateListener.jsm
Missing chrome or resource URL: resource://gre/modules/UpdateListener.sys.mjs
DevTools listening on ws://localhost:52511/devtools/browser/0fb57604-2242-43ae-85c9-d0aae8297cc3
console.warn: LoginRecipes: "getRecipes: falling back to a synchronous message for:" "https://zwiftpower.com"
1661556821822	Marionette	WARN	Ignoring event 'pageshow' because document has an invalid readyState of 'uninitialized'.
console.warn: LoginRecipes: "getRecipes: falling back to a synchronous message for:" "https://secure.zwift.com"
console.warn: LoginRecipes: "getRecipes: falling back to a synchronous message for:" "https://secure.zwift.com"
JavaScript error: resource://gre/modules/LoginManagerParent.jsm, line 136: TypeError: gRecipeManager is null
JavaScript warning: https://zwiftpower.com/zp/js/mini/event_results693.js?assets_version=132, line 1793: unreachable code after return statement
1661556829333	Marionette	INFO	Stopped listening on port 33551
Missing chrome or resource URL: resource://gre/modules/UpdateListener.jsm
Missing chrome or resource URL: resource://gre/modules/UpdateListener.sys.mjs
console.error: "Error during quit-application-granted: [Exception... \"File error: Not found\"  nsresult: \"0x80520012 (NS_ERROR_FILE_NOT_FOUND)\"  location: \"JS frame :: resource:///modules/BrowserGlue.jsm :: _onQuitApplicationGranted/tasks< :: line 2006\"  data: no]"
1661556830244	geckodriver	INFO	Listening on 127.0.0.1:37145
1661556830249	mozrunner::runner	INFO	Running command: "/usr/bin/firefox" "--marionette" "--remote-debugging-port" "46243" "--remote-allow-hosts" "localhost" "-no-remote" "-profile" "/tmp/rust_mozprofileKpZyVO"
[GFX1-]: glxtest: libEGL missing
1661556831601	Marionette	INFO	Marionette enabled
1661556831605	Marionette	INFO	Listening on port 40939
WebDriver BiDi listening on ws://localhost:46243
Read port: 40939
1661556831728	RemoteAgent	WARN	TLS certificate errors will be ignored for this session
console.warn: SearchSettings: "get: No settings file exists, new profile?" (new NotFoundError("Could not open the file at /tmp/rust_mozprofileKpZyVO/search.json.mozlz4", (void 0)))
Missing chrome or resource URL: resource://gre/modules/UpdateListener.jsm
Missing chrome or resource URL: resource://gre/modules/UpdateListener.sys.mjs
DevTools listening on ws://localhost:46243/devtools/browser/b866773d-4e34-48ee-9870-95579e432cdb
console.warn: LoginRecipes: "getRecipes: falling back to a synchronous message for:" "https://zwiftpower.com"
1661556839229	Marionette	WARN	Ignoring event 'pageshow' because document has an invalid readyState of 'uninitialized'.
console.warn: LoginRecipes: "getRecipes: falling back to a synchronous message for:" "https://secure.zwift.com"
console.warn: LoginRecipes: "getRecipes: falling back to a synchronous message for:" "https://secure.zwift.com"
JavaScript error: resource://gre/modules/LoginManagerParent.jsm, line 136: TypeError: gRecipeManager is null
JavaScript warning: https://zwiftpower.com/zp/js/mini/event_results693.js?assets_version=132, line 1793: unreachable code after return statement
1661556844015	Marionette	INFO	Stopped listening on port 40939
Missing chrome or resource URL: resource://gre/modules/UpdateListener.jsm
Missing chrome or resource URL: resource://gre/modules/UpdateListener.sys.mjs
console.error: "Error during quit-application-granted: [Exception... \"File error: Not found\"  nsresult: \"0x80520012 (NS_ERROR_FILE_NOT_FOUND)\"  location: \"JS frame :: resource:///modules/BrowserGlue.jsm :: _onQuitApplicationGranted/tasks< :: line 2006\"  data: no]"
1661556844870	geckodriver	INFO	Listening on 127.0.0.1:52541
1661556844874	mozrunner::runner	INFO	Running command: "/usr/bin/firefox" "--marionette" "--remote-debugging-port" "41133" "--remote-allow-hosts" "localhost" "-no-remote" "-profile" "/tmp/rust_mozprofileoMptL1"
[GFX1-]: glxtest: libEGL missing
1661556846219	Marionette	INFO	Marionette enabled
1661556846225	Marionette	INFO	Listening on port 44215
WebDriver BiDi listening on ws://localhost:41133
Read port: 44215
1661556846351	RemoteAgent	WARN	TLS certificate errors will be ignored for this session
console.warn: SearchSettings: "get: No settings file exists, new profile?" (new NotFoundError("Could not open the file at /tmp/rust_mozprofileoMptL1/search.json.mozlz4", (void 0)))
Missing chrome or resource URL: resource://gre/modules/UpdateListener.jsm
Missing chrome or resource URL: resource://gre/modules/UpdateListener.sys.mjs
DevTools listening on ws://localhost:41133/devtools/browser/3f3a4d02-62d6-47c9-86b4-414346f7bfc3
console.warn: LoginRecipes: "getRecipes: falling back to a synchronous message for:" "https://zwiftpower.com"
1661556854157	Marionette	WARN	Ignoring event 'pageshow' because document has an invalid readyState of 'uninitialized'.
console.warn: LoginRecipes: "getRecipes: falling back to a synchronous message for:" "https://secure.zwift.com"
console.warn: LoginRecipes: "getRecipes: falling back to a synchronous message for:" "https://secure.zwift.com"
JavaScript error: resource://gre/modules/LoginManagerParent.jsm, line 136: TypeError: gRecipeManager is null
JavaScript warning: https://zwiftpower.com/zp/js/mini/event_results693.js?assets_version=132, line 1793: unreachable code after return statement
Exiting due to channel error.
Exiting due to channel error.
Exiting due to channel error.
1661556955188	geckodriver	INFO	Listening on 127.0.0.1:50447
1661556955196	mozrunner::runner	INFO	Running command: "/usr/bin/firefox" "--marionette" "--remote-debugging-port" "35015" "--remote-allow-hosts" "localhost" "-no-remote" "-profile" "/tmp/rust_mozprofilevh9mKV"
[GFX1-]: glxtest: libEGL missing
1661556957252	Marionette	INFO	Marionette enabled
1661556957262	Marionette	INFO	Listening on port 33759
WebDriver BiDi listening on ws://localhost:35015
Read port: 33759
1661556957402	RemoteAgent	WARN	TLS certificate errors will be ignored for this session
console.warn: SearchSettings: "get: No settings file exists, new profile?" (new NotFoundError("Could not open the file at /tmp/rust_mozprofilevh9mKV/search.json.mozlz4", (void 0)))
Missing chrome or resource URL: resource://gre/modules/UpdateListener.jsm
Missing chrome or resource URL: resource://gre/modules/UpdateListener.sys.mjs
DevTools listening on ws://localhost:35015/devtools/browser/448269d0-e966-419f-b3fb-0db8d7edc478
console.warn: LoginRecipes: "getRecipes: falling back to a synchronous message for:" "https://zwiftpower.com"
1661556964014	Marionette	WARN	Ignoring event 'pageshow' because document has an invalid readyState of 'uninitialized'.
console.warn: LoginRecipes: "getRecipes: falling back to a synchronous message for:" "https://secure.zwift.com"
console.warn: LoginRecipes: "getRecipes: falling back to a synchronous message for:" "https://secure.zwift.com"
JavaScript error: resource://gre/modules/LoginManagerParent.jsm, line 136: TypeError: gRecipeManager is null
1661556971949	Marionette	INFO	Stopped listening on port 33759
Missing chrome or resource URL: resource://gre/modules/UpdateListener.jsm
Missing chrome or resource URL: resource://gre/modules/UpdateListener.sys.mjs
console.error: "Error during quit-application-granted: [Exception... \"File error: Not found\"  nsresult: \"0x80520012 (NS_ERROR_FILE_NOT_FOUND)\"  location: \"JS frame :: resource:///modules/BrowserGlue.jsm :: _onQuitApplicationGranted/tasks< :: line 2006\"  data: no]"
1661556972903	geckodriver	INFO	Listening on 127.0.0.1:37857
1661556972907	mozrunner::runner	INFO	Running command: "/usr/bin/firefox" "--marionette" "--remote-debugging-port" "33497" "--remote-allow-hosts" "localhost" "-no-remote" "-profile" "/tmp/rust_mozprofileEw1xfE"
[GFX1-]: glxtest: libEGL missing
1661556974279	Marionette	INFO	Marionette enabled
1661556974282	Marionette	INFO	Listening on port 45581
WebDriver BiDi listening on ws://localhost:33497
Read port: 45581
1661556974398	RemoteAgent	WARN	TLS certificate errors will be ignored for this session
console.warn: SearchSettings: "get: No settings file exists, new profile?" (new NotFoundError("Could not open the file at /tmp/rust_mozprofileEw1xfE/search.json.mozlz4", (void 0)))
Missing chrome or resource URL: resource://gre/modules/UpdateListener.jsm
Missing chrome or resource URL: resource://gre/modules/UpdateListener.sys.mjs
DevTools listening on ws://localhost:33497/devtools/browser/7692ecf7-6467-42a5-a738-859230a905ce
console.warn: LoginRecipes: "getRecipes: falling back to a synchronous message for:" "https://zwiftpower.com"
1661556980574	Marionette	WARN	Ignoring event 'pageshow' because document has an invalid readyState of 'uninitialized'.
console.warn: LoginRecipes: "getRecipes: falling back to a synchronous message for:" "https://secure.zwift.com"
console.warn: LoginRecipes: "getRecipes: falling back to a synchronous message for:" "https://secure.zwift.com"
JavaScript error: resource://gre/modules/LoginManagerParent.jsm, line 136: TypeError: gRecipeManager is null
JavaScript warning: https://zwiftpower.com/zp/js/mini/event_results693.js?assets_version=132, line 1793: unreachable code after return statement
1661556986102	Marionette	INFO	Stopped listening on port 45581
Missing chrome or resource URL: resource://gre/modules/UpdateListener.jsm
Missing chrome or resource URL: resource://gre/modules/UpdateListener.sys.mjs
console.error: "Error during quit-application-granted: [Exception... \"File error: Not found\"  nsresult: \"0x80520012 (NS_ERROR_FILE_NOT_FOUND)\"  location: \"JS frame :: resource:///modules/BrowserGlue.jsm :: _onQuitApplicationGranted/tasks< :: line 2006\"  data: no]"
1661556987179	geckodriver	INFO	Listening on 127.0.0.1:42865
1661556987684	mozrunner::runner	INFO	Running command: "/usr/bin/firefox" "--marionette" "--remote-debugging-port" "33887" "--remote-allow-hosts" "localhost" "-no-remote" "-profile" "/tmp/rust_mozprofilexzaTn7"
[GFX1-]: glxtest: libEGL missing
1661556988761	Marionette	INFO	Marionette enabled
1661556988764	Marionette	INFO	Listening on port 45783
WebDriver BiDi listening on ws://localhost:33887
Read port: 45783
1661556988872	RemoteAgent	WARN	TLS certificate errors will be ignored for this session
console.warn: SearchSettings: "get: No settings file exists, new profile?" (new NotFoundError("Could not open the file at /tmp/rust_mozprofilexzaTn7/search.json.mozlz4", (void 0)))
Missing chrome or resource URL: resource://gre/modules/UpdateListener.jsm
Missing chrome or resource URL: resource://gre/modules/UpdateListener.sys.mjs
DevTools listening on ws://localhost:33887/devtools/browser/be196fb2-834f-431c-8fe8-ea6711d022cd
console.warn: LoginRecipes: "getRecipes: falling back to a synchronous message for:" "https://zwiftpower.com"
1661556996347	Marionette	WARN	Ignoring event 'pageshow' because document has an invalid readyState of 'uninitialized'.
console.warn: LoginRecipes: "getRecipes: falling back to a synchronous message for:" "https://secure.zwift.com"
console.warn: LoginRecipes: "getRecipes: falling back to a synchronous message for:" "https://secure.zwift.com"
JavaScript error: resource://gre/modules/LoginManagerParent.jsm, line 136: TypeError: gRecipeManager is null
JavaScript warning: https://zwiftpower.com/zp/js/mini/event_results693.js?assets_version=132, line 1793: unreachable code after return statement
1661557001472	Marionette	INFO	Stopped listening on port 45783
Missing chrome or resource URL: resource://gre/modules/UpdateListener.jsm
Missing chrome or resource URL: resource://gre/modules/UpdateListener.sys.mjs
console.error: "Error during quit-application-granted: [Exception... \"File error: Not found\"  nsresult: \"0x80520012 (NS_ERROR_FILE_NOT_FOUND)\"  location: \"JS frame :: resource:///modules/BrowserGlue.jsm :: _onQuitApplicationGranted/tasks< :: line 2006\"  data: no]"
1661557002278	geckodriver	INFO	Listening on 127.0.0.1:53759
1661557002283	mozrunner::runner	INFO	Running command: "/usr/bin/firefox" "--marionette" "--remote-debugging-port" "33757" "--remote-allow-hosts" "localhost" "-no-remote" "-profile" "/tmp/rust_mozprofile1dDfNt"
[GFX1-]: glxtest: libEGL missing
1661557003941	Marionette	INFO	Marionette enabled
1661557003945	Marionette	INFO	Listening on port 42959
WebDriver BiDi listening on ws://localhost:33757
Read port: 42959
1661557004051	RemoteAgent	WARN	TLS certificate errors will be ignored for this session
console.warn: SearchSettings: "get: No settings file exists, new profile?" (new NotFoundError("Could not open the file at /tmp/rust_mozprofile1dDfNt/search.json.mozlz4", (void 0)))
Missing chrome or resource URL: resource://gre/modules/UpdateListener.jsm
Missing chrome or resource URL: resource://gre/modules/UpdateListener.sys.mjs
DevTools listening on ws://localhost:33757/devtools/browser/33c16a49-15c6-42d2-ad5f-26dd61ae40a6
console.warn: LoginRecipes: "getRecipes: falling back to a synchronous message for:" "https://zwiftpower.com"
1661557010171	Marionette	WARN	Ignoring event 'pageshow' because document has an invalid readyState of 'uninitialized'.
console.warn: LoginRecipes: "getRecipes: falling back to a synchronous message for:" "https://secure.zwift.com"
console.warn: LoginRecipes: "getRecipes: falling back to a synchronous message for:" "https://secure.zwift.com"
JavaScript error: resource://gre/modules/LoginManagerParent.jsm, line 136: TypeError: gRecipeManager is null
JavaScript warning: https://zwiftpower.com/zp/js/mini/event_results693.js?assets_version=132, line 1793: unreachable code after return statement
1661557015082	Marionette	INFO	Stopped listening on port 42959
Missing chrome or resource URL: resource://gre/modules/UpdateListener.jsm
Missing chrome or resource URL: resource://gre/modules/UpdateListener.sys.mjs
console.error: "Error during quit-application-granted: [Exception... \"File error: Not found\"  nsresult: \"0x80520012 (NS_ERROR_FILE_NOT_FOUND)\"  location: \"JS frame :: resource:///modules/BrowserGlue.jsm :: _onQuitApplicationGranted/tasks< :: line 2006\"  data: no]"
1661557016064	geckodriver	INFO	Listening on 127.0.0.1:43495
1661557016068	mozrunner::runner	INFO	Running command: "/usr/bin/firefox" "--marionette" "--remote-debugging-port" "58741" "--remote-allow-hosts" "localhost" "-no-remote" "-profile" "/tmp/rust_mozprofilefntR8u"
[GFX1-]: glxtest: libEGL missing
1661557017552	Marionette	INFO	Marionette enabled
1661557017556	Marionette	INFO	Listening on port 42515
WebDriver BiDi listening on ws://localhost:58741
Read port: 42515
1661557017661	RemoteAgent	WARN	TLS certificate errors will be ignored for this session
console.warn: SearchSettings: "get: No settings file exists, new profile?" (new NotFoundError("Could not open the file at /tmp/rust_mozprofilefntR8u/search.json.mozlz4", (void 0)))
Missing chrome or resource URL: resource://gre/modules/UpdateListener.jsm
Missing chrome or resource URL: resource://gre/modules/UpdateListener.sys.mjs
DevTools listening on ws://localhost:58741/devtools/browser/7d390010-29ad-4607-af6e-d50b2193a9cc
console.warn: LoginRecipes: "getRecipes: falling back to a synchronous message for:" "https://zwiftpower.com"
1661557027439	Marionette	WARN	Ignoring event 'pageshow' because document has an invalid readyState of 'uninitialized'.
console.warn: LoginRecipes: "getRecipes: falling back to a synchronous message for:" "https://secure.zwift.com"
console.warn: LoginRecipes: "getRecipes: falling back to a synchronous message for:" "https://secure.zwift.com"
JavaScript error: resource://gre/modules/LoginManagerParent.jsm, line 136: TypeError: gRecipeManager is null
JavaScript warning: https://zwiftpower.com/zp/js/mini/event_results693.js?assets_version=132, line 1793: unreachable code after return statement
1661557034141	Marionette	INFO	Stopped listening on port 42515
Missing chrome or resource URL: resource://gre/modules/UpdateListener.jsm
Missing chrome or resource URL: resource://gre/modules/UpdateListener.sys.mjs
console.error: "Error during quit-application-granted: [Exception... \"File error: Not found\"  nsresult: \"0x80520012 (NS_ERROR_FILE_NOT_FOUND)\"  location: \"JS frame :: resource:///modules/BrowserGlue.jsm :: _onQuitApplicationGranted/tasks< :: line 2006\"  data: no]"
1661557035036	geckodriver	INFO	Listening on 127.0.0.1:44209
1661557035042	mozrunner::runner	INFO	Running command: "/usr/bin/firefox" "--marionette" "--remote-debugging-port" "52965" "--remote-allow-hosts" "localhost" "-no-remote" "-profile" "/tmp/rust_mozprofile3MqwUZ"
[GFX1-]: glxtest: libEGL missing
1661557037186	Marionette	INFO	Marionette enabled
1661557037190	Marionette	INFO	Listening on port 41387
WebDriver BiDi listening on ws://localhost:52965
Read port: 41387
1661557037298	RemoteAgent	WARN	TLS certificate errors will be ignored for this session
console.warn: SearchSettings: "get: No settings file exists, new profile?" (new NotFoundError("Could not open the file at /tmp/rust_mozprofile3MqwUZ/search.json.mozlz4", (void 0)))
Missing chrome or resource URL: resource://gre/modules/UpdateListener.jsm
Missing chrome or resource URL: resource://gre/modules/UpdateListener.sys.mjs
DevTools listening on ws://localhost:52965/devtools/browser/377c552f-4635-450d-b332-9603142153dc
console.warn: LoginRecipes: "getRecipes: falling back to a synchronous message for:" "https://zwiftpower.com"
1661557043777	Marionette	WARN	Ignoring event 'pageshow' because document has an invalid readyState of 'uninitialized'.
console.warn: LoginRecipes: "getRecipes: falling back to a synchronous message for:" "https://secure.zwift.com"
console.warn: LoginRecipes: "getRecipes: falling back to a synchronous message for:" "https://secure.zwift.com"
JavaScript error: resource://gre/modules/LoginManagerParent.jsm, line 136: TypeError: gRecipeManager is null
JavaScript warning: https://zwiftpower.com/zp/js/mini/event_results693.js?assets_version=132, line 1793: unreachable code after return statement
1661557058906	Marionette	INFO	Stopped listening on port 41387
Missing chrome or resource URL: resource://gre/modules/UpdateListener.jsm
Missing chrome or resource URL: resource://gre/modules/UpdateListener.sys.mjs
console.error: "Error during quit-application-granted: [Exception... \"File error: Not found\"  nsresult: \"0x80520012 (NS_ERROR_FILE_NOT_FOUND)\"  location: \"JS frame :: resource:///modules/BrowserGlue.jsm :: _onQuitApplicationGranted/tasks< :: line 2006\"  data: no]"
1661557059693	geckodriver	INFO	Listening on 127.0.0.1:51313
1661557059696	mozrunner::runner	INFO	Running command: "/usr/bin/firefox" "--marionette" "--remote-debugging-port" "35805" "--remote-allow-hosts" "localhost" "-no-remote" "-profile" "/tmp/rust_mozprofileQLmCIU"
[GFX1-]: glxtest: libEGL missing
1661557061146	Marionette	INFO	Marionette enabled
1661557061151	Marionette	INFO	Listening on port 42945
WebDriver BiDi listening on ws://localhost:35805
Read port: 42945
1661557061295	RemoteAgent	WARN	TLS certificate errors will be ignored for this session
console.warn: SearchSettings: "get: No settings file exists, new profile?" (new NotFoundError("Could not open the file at /tmp/rust_mozprofileQLmCIU/search.json.mozlz4", (void 0)))
Missing chrome or resource URL: resource://gre/modules/UpdateListener.jsm
Missing chrome or resource URL: resource://gre/modules/UpdateListener.sys.mjs
DevTools listening on ws://localhost:35805/devtools/browser/2f0141b5-8bfd-427c-b8e4-bcad48748f16
console.warn: LoginRecipes: "getRecipes: falling back to a synchronous message for:" "https://zwiftpower.com"
1661557067399	Marionette	WARN	Ignoring event 'pageshow' because document has an invalid readyState of 'uninitialized'.
console.warn: LoginRecipes: "getRecipes: falling back to a synchronous message for:" "https://secure.zwift.com"
console.warn: LoginRecipes: "getRecipes: falling back to a synchronous message for:" "https://secure.zwift.com"
JavaScript error: resource://gre/modules/LoginManagerParent.jsm, line 136: TypeError: gRecipeManager is null
JavaScript warning: https://zwiftpower.com/zp/js/mini/event_results693.js?assets_version=132, line 1793: unreachable code after return statement
1661557086343	Marionette	INFO	Stopped listening on port 42945
Missing chrome or resource URL: resource://gre/modules/UpdateListener.jsm
Missing chrome or resource URL: resource://gre/modules/UpdateListener.sys.mjs
console.error: "Error during quit-application-granted: [Exception... \"File error: Not found\"  nsresult: \"0x80520012 (NS_ERROR_FILE_NOT_FOUND)\"  location: \"JS frame :: resource:///modules/BrowserGlue.jsm :: _onQuitApplicationGranted/tasks< :: line 2006\"  data: no]"
1661557087259	geckodriver	INFO	Listening on 127.0.0.1:55665
1661557087263	mozrunner::runner	INFO	Running command: "/usr/bin/firefox" "--marionette" "--remote-debugging-port" "54523" "--remote-allow-hosts" "localhost" "-no-remote" "-profile" "/tmp/rust_mozprofileedxOIv"
[GFX1-]: glxtest: libEGL missing
1661557088830	Marionette	INFO	Marionette enabled
1661557088835	Marionette	INFO	Listening on port 38155
WebDriver BiDi listening on ws://localhost:54523
Read port: 38155
1661557088978	RemoteAgent	WARN	TLS certificate errors will be ignored for this session
console.warn: SearchSettings: "get: No settings file exists, new profile?" (new NotFoundError("Could not open the file at /tmp/rust_mozprofileedxOIv/search.json.mozlz4", (void 0)))
Missing chrome or resource URL: resource://gre/modules/UpdateListener.jsm
Missing chrome or resource URL: resource://gre/modules/UpdateListener.sys.mjs
DevTools listening on ws://localhost:54523/devtools/browser/3f058422-5aa1-4407-83b1-c3c5151a782c
console.warn: LoginRecipes: "getRecipes: falling back to a synchronous message for:" "https://zwiftpower.com"
1661557095765	Marionette	WARN	Ignoring event 'pageshow' because document has an invalid readyState of 'uninitialized'.
console.warn: LoginRecipes: "getRecipes: falling back to a synchronous message for:" "https://secure.zwift.com"
console.warn: LoginRecipes: "getRecipes: falling back to a synchronous message for:" "https://secure.zwift.com"
JavaScript error: resource://gre/modules/LoginManagerParent.jsm, line 136: TypeError: gRecipeManager is null
JavaScript warning: https://zwiftpower.com/zp/js/mini/event_results693.js?assets_version=132, line 1793: unreachable code after return statement
1661557105219	Marionette	INFO	Stopped listening on port 38155
Missing chrome or resource URL: resource://gre/modules/UpdateListener.jsm
Missing chrome or resource URL: resource://gre/modules/UpdateListener.sys.mjs
console.error: "Error during quit-application-granted: [Exception... \"File error: Not found\"  nsresult: \"0x80520012 (NS_ERROR_FILE_NOT_FOUND)\"  location: \"JS frame :: resource:///modules/BrowserGlue.jsm :: _onQuitApplicationGranted/tasks< :: line 2006\"  data: no]"
1661557106080	geckodriver	INFO	Listening on 127.0.0.1:37583
1661557106084	mozrunner::runner	INFO	Running command: "/usr/bin/firefox" "--marionette" "--remote-debugging-port" "34189" "--remote-allow-hosts" "localhost" "-no-remote" "-profile" "/tmp/rust_mozprofileKz7U5v"
[GFX1-]: glxtest: libEGL missing
1661557108222	Marionette	INFO	Marionette enabled
1661557108225	Marionette	INFO	Listening on port 37475
WebDriver BiDi listening on ws://localhost:34189
Read port: 37475
1661557108357	RemoteAgent	WARN	TLS certificate errors will be ignored for this session
console.warn: SearchSettings: "get: No settings file exists, new profile?" (new NotFoundError("Could not open the file at /tmp/rust_mozprofileKz7U5v/search.json.mozlz4", (void 0)))
Missing chrome or resource URL: resource://gre/modules/UpdateListener.jsm
Missing chrome or resource URL: resource://gre/modules/UpdateListener.sys.mjs
DevTools listening on ws://localhost:34189/devtools/browser/cd050aa6-55b6-41fb-9fbe-f3a972606e7c
console.warn: LoginRecipes: "getRecipes: falling back to a synchronous message for:" "https://zwiftpower.com"
1661557115840	Marionette	WARN	Ignoring event 'pageshow' because document has an invalid readyState of 'uninitialized'.
console.warn: LoginRecipes: "getRecipes: falling back to a synchronous message for:" "https://secure.zwift.com"
console.warn: LoginRecipes: "getRecipes: falling back to a synchronous message for:" "https://secure.zwift.com"
JavaScript error: resource://gre/modules/LoginManagerParent.jsm, line 136: TypeError: gRecipeManager is null
JavaScript warning: https://zwiftpower.com/zp/js/mini/event_results693.js?assets_version=132, line 1793: unreachable code after return statement
1661557157131	Marionette	INFO	Stopped listening on port 37475
Missing chrome or resource URL: resource://gre/modules/UpdateListener.jsm
Missing chrome or resource URL: resource://gre/modules/UpdateListener.sys.mjs
console.error: "Error during quit-application-granted: [Exception... \"File error: Not found\"  nsresult: \"0x80520012 (NS_ERROR_FILE_NOT_FOUND)\"  location: \"JS frame :: resource:///modules/BrowserGlue.jsm :: _onQuitApplicationGranted/tasks< :: line 2006\"  data: no]"
1661557157912	geckodriver	INFO	Listening on 127.0.0.1:58261
1661557157915	mozrunner::runner	INFO	Running command: "/usr/bin/firefox" "--marionette" "--remote-debugging-port" "54247" "--remote-allow-hosts" "localhost" "-no-remote" "-profile" "/tmp/rust_mozprofileMJBBa8"
[GFX1-]: glxtest: libEGL missing
1661557159401	Marionette	INFO	Marionette enabled
1661557159405	Marionette	INFO	Listening on port 39333
WebDriver BiDi listening on ws://localhost:54247
Read port: 39333
1661557159525	RemoteAgent	WARN	TLS certificate errors will be ignored for this session
console.warn: SearchSettings: "get: No settings file exists, new profile?" (new NotFoundError("Could not open the file at /tmp/rust_mozprofileMJBBa8/search.json.mozlz4", (void 0)))
Missing chrome or resource URL: resource://gre/modules/UpdateListener.jsm
Missing chrome or resource URL: resource://gre/modules/UpdateListener.sys.mjs
DevTools listening on ws://localhost:54247/devtools/browser/08e9ca45-a8ec-43d5-b48c-770e3ad2e881
console.warn: LoginRecipes: "getRecipes: falling back to a synchronous message for:" "https://zwiftpower.com"
1661557166475	Marionette	WARN	Ignoring event 'pageshow' because document has an invalid readyState of 'uninitialized'.
console.warn: LoginRecipes: "getRecipes: falling back to a synchronous message for:" "https://secure.zwift.com"
console.warn: LoginRecipes: "getRecipes: falling back to a synchronous message for:" "https://secure.zwift.com"
JavaScript error: resource://gre/modules/LoginManagerParent.jsm, line 136: TypeError: gRecipeManager is null
JavaScript warning: https://zwiftpower.com/zp/js/mini/event_results693.js?assets_version=132, line 1793: unreachable code after return statement
1661557176776	Marionette	INFO	Stopped listening on port 39333
Missing chrome or resource URL: resource://gre/modules/UpdateListener.jsm
Missing chrome or resource URL: resource://gre/modules/UpdateListener.sys.mjs
console.error: "Error during quit-application-granted: [Exception... \"File error: Not found\"  nsresult: \"0x80520012 (NS_ERROR_FILE_NOT_FOUND)\"  location: \"JS frame :: resource:///modules/BrowserGlue.jsm :: _onQuitApplicationGranted/tasks< :: line 2006\"  data: no]"
1661557177623	geckodriver	INFO	Listening on 127.0.0.1:59493
1661557177628	mozrunner::runner	INFO	Running command: "/usr/bin/firefox" "--marionette" "--remote-debugging-port" "40251" "--remote-allow-hosts" "localhost" "-no-remote" "-profile" "/tmp/rust_mozprofileysIDsW"
[GFX1-]: glxtest: libEGL missing
1661557179726	Marionette	INFO	Marionette enabled
1661557179730	Marionette	INFO	Listening on port 39265
Read port: 39265
WebDriver BiDi listening on ws://localhost:40251
1661557179840	RemoteAgent	WARN	TLS certificate errors will be ignored for this session
console.warn: SearchSettings: "get: No settings file exists, new profile?" (new NotFoundError("Could not open the file at /tmp/rust_mozprofileysIDsW/search.json.mozlz4", (void 0)))
Missing chrome or resource URL: resource://gre/modules/UpdateListener.jsm
Missing chrome or resource URL: resource://gre/modules/UpdateListener.sys.mjs
DevTools listening on ws://localhost:40251/devtools/browser/45b874e7-c639-48cc-b2c3-50dcaa3351b8
console.warn: LoginRecipes: "getRecipes: falling back to a synchronous message for:" "https://zwiftpower.com"
1661557186639	Marionette	WARN	Ignoring event 'pageshow' because document has an invalid readyState of 'uninitialized'.
console.warn: LoginRecipes: "getRecipes: falling back to a synchronous message for:" "https://secure.zwift.com"
console.warn: LoginRecipes: "getRecipes: falling back to a synchronous message for:" "https://secure.zwift.com"
JavaScript error: resource://gre/modules/LoginManagerParent.jsm, line 136: TypeError: gRecipeManager is null
JavaScript warning: https://zwiftpower.com/zp/js/mini/event_results693.js?assets_version=132, line 1793: unreachable code after return statement
1661557199836	Marionette	INFO	Stopped listening on port 39265
Missing chrome or resource URL: resource://gre/modules/UpdateListener.jsm
Missing chrome or resource URL: resource://gre/modules/UpdateListener.sys.mjs
console.error: "Error during quit-application-granted: [Exception... \"File error: Not found\"  nsresult: \"0x80520012 (NS_ERROR_FILE_NOT_FOUND)\"  location: \"JS frame :: resource:///modules/BrowserGlue.jsm :: _onQuitApplicationGranted/tasks< :: line 2006\"  data: no]"
